<?xml version="1.0" encoding="UTF-8"?>
<!-- Generated by org.testng.reporters.JUnitReportReporter -->
<testsuite hostname="DESKTOP-96CAUE8" failures="0" tests="2" name="testclass.Testclass" time="6.381" errors="0" timestamp="2021-02-18T13:30:56 IST" skipped="0">
  <testcase classname="testclass.Testclass" name="test2" time="4.283"/>
  <system-out/>
  <testcase classname="testclass.Testclass" name="buyshares" time="2.098"/>
  <system-out/>
</testsuite> <!-- testclass.Testclass -->
