<?xml version="1.0" encoding="UTF-8"?>
<!-- Generated by org.testng.reporters.JUnitReportReporter -->
<testsuite hostname="DESKTOP-96CAUE8" failures="0" tests="6" name="testclass.Verifytabsonhomepage" time="53.514" errors="0" timestamp="2021-02-24T22:35:16 IST" skipped="0">
  <testcase classname="testclass.Verifytabsonhomepage" name="verifydashboardtab" time="6.456"/>
  <system-out/>
  <testcase classname="testclass.Verifytabsonhomepage" name="verifyFundstab" time="13.534"/>
  <system-out/>
  <testcase classname="testclass.Verifytabsonhomepage" name="verifyOrderstab" time="8.057"/>
  <system-out/>
  <testcase classname="testclass.Verifytabsonhomepage" name="verifyPositionstab" time="10.200"/>
  <system-out/>
  <testcase classname="testclass.Verifytabsonhomepage" name="verifyappstab" time="5.059"/>
  <system-out/>
  <testcase classname="testclass.Verifytabsonhomepage" name="verifyHoldingtab" time="10.208"/>
  <system-out/>
</testsuite> <!-- testclass.Verifytabsonhomepage -->
