<?xml version="1.0" encoding="UTF-8"?>
<!-- Generated by org.testng.reporters.JUnitReportReporter -->
<testsuite hostname="DESKTOP-96CAUE8" failures="0" tests="2" name="testclass.buykiteshares" time="9.935" errors="0" timestamp="2021-02-19T23:27:23 IST" skipped="0">
  <testcase classname="testclass.buykiteshares" name="buyshareslimitorder" time="2.559"/>
  <system-out/>
  <testcase classname="testclass.buykiteshares" name="buysharesmarketorder" time="7.376"/>
  <system-out/>
</testsuite> <!-- testclass.buykiteshares -->
